<?xml version="1.0"?><coverage lines-covered="1248" lines-valid="1541" line-rate="0.8098637248539909" branches-covered="0" branches-valid="0" branch-rate="0" complexity="0" version="1.9" timestamp="1783861167"><sources><source>/home/alexmrtr/Work/tries/2026-07-10-skills/skill-book</source></sources><packages><package name="adapters/src" line-rate="0.8175438596491228" branch-rate="0" complexity="0"><classes><class name="cli_installer" filename="adapters/src/cli_installer.rs" line-rate="0.8260869565217391" branch-rate="0" complexity="0"><methods/><lines><line number="23" hits="3"/><line number="24" hits="3"/><line number="25" hits="3"/><line number="26" hits="1"/><line number="30" hits="3"/><line number="31" hits="4"/><line number="32" hits="4"/><line number="34" hits="1"/><line number="39" hits="3"/><line number="45" hits="3"/><line number="46" hits="6"/><line number="47" hits="3"/><line number="48" hits="0"/><line number="50" hits="6"/><line number="51" hits="3"/><line number="52" hits="6"/><line number="54" hits="0"/><line number="57" hits="1"/><line number="58" hits="4"/><line number="59" hits="3"/><line number="61" hits="3"/><line number="62" hits="0"/><line number="63" hits="0"/><line number="65" hits="0"/><line number="68" hits="1"/><line number="69" hits="4"/><line number="70" hits="3"/><line number="72" hits="3"/><line number="73" hits="0"/><line number="74" hits="0"/><line number="76" hits="0"/><line number="79" hits="2"/><line number="80" hits="4"/><line number="81" hits="2"/><line number="82" hits="2"/><line number="83" hits="2"/><line number="84" hits="2"/><line number="85" hits="3"/><line number="87" hits="4"/><line number="88" hits="2"/><line number="89" hits="1"/><line number="91" hits="2"/><line number="94" hits="1"/><line number="95" hits="1"/><line number="98" hits="1"/><line number="99" hits="1"/></lines></class><class name="fs_profile_store" filename="adapters/src/fs_profile_store.rs" line-rate="0.96875" branch-rate="0" complexity="0"><methods/><lines><line number="7" hits="1"/><line number="8" hits="1"/><line number="9" hits="0"/><line number="23" hits="1"/><line number="24" hits="1"/><line number="25" hits="2"/><line number="30" hits="1"/><line number="34" hits="1"/><line number="35" hits="1"/><line number="40" hits="1"/><line number="41" hits="1"/><line number="42" hits="1"/><line number="44" hits="1"/><line number="45" hits="5"/><line number="46" hits="4"/><line number="47" hits="2"/><line number="48" hits="7"/><line number="51" hits="6"/><line number="52" hits="4"/><line number="53" hits="1"/><line number="55" hits="4"/><line number="56" hits="2"/><line number="59" hits="1"/><line number="60" hits="1"/><line number="61" hits="2"/><line number="62" hits="3"/><line number="63" hits="2"/><line number="66" hits="1"/><line number="67" hits="1"/><line number="68" hits="3"/><line number="69" hits="1"/><line number="71" hits="1"/></lines></class><class name="fs_skill_creator" filename="adapters/src/fs_skill_creator.rs" line-rate="0.6470588235294118" branch-rate="0" complexity="0"><methods/><lines><line number="7" hits="0"/><line number="8" hits="0"/><line number="9" hits="0"/><line number="24" hits="0"/><line number="25" hits="0"/><line number="26" hits="0"/><line number="31" hits="1"/><line number="37" hits="1"/><line number="43" hits="1"/><line number="44" hits="3"/><line number="45" hits="1"/><line number="46" hits="2"/><line number="47" hits="1"/><line number="48" hits="1"/><line number="56" hits="1"/><line number="61" hits="1"/><line number="62" hits="1"/></lines></class><class name="fs_skill_repository" filename="adapters/src/fs_skill_repository.rs" line-rate="0.9791666666666666" branch-rate="0" complexity="0"><methods/><lines><line number="29" hits="1"/><line number="37" hits="1"/><line number="38" hits="1"/><line number="39" hits="2"/><line number="41" hits="1"/><line number="42" hits="2"/><line number="43" hits="2"/><line number="44" hits="0"/><line number="46" hits="1"/><line number="49" hits="1"/><line number="52" hits="1"/><line number="53" hits="3"/><line number="54" hits="1"/><line number="57" hits="1"/><line number="59" hits="8"/><line number="60" hits="5"/><line number="61" hits="5"/><line number="63" hits="1"/><line number="65" hits="9"/><line number="68" hits="5"/><line number="69" hits="2"/><line number="70" hits="1"/><line number="71" hits="1"/><line number="72" hits="1"/><line number="73" hits="1"/><line number="74" hits="1"/><line number="75" hits="1"/><line number="78" hits="1"/><line number="79" hits="1"/><line number="80" hits="1"/><line number="86" hits="5"/><line number="87" hits="3"/><line number="89" hits="1"/><line number="90" hits="1"/><line number="91" hits="1"/><line number="92" hits="1"/><line number="93" hits="1"/><line number="94" hits="1"/><line number="97" hits="1"/><line number="98" hits="1"/><line number="99" hits="1"/><line number="105" hits="4"/><line number="109" hits="3"/><line number="110" hits="4"/><line number="111" hits="2"/><line number="113" hits="1"/><line number="114" hits="1"/><line number="115" hits="1"/><line number="116" hits="1"/><line number="117" hits="1"/><line number="118" hits="1"/><line number="121" hits="1"/><line number="122" hits="1"/><line number="123" hits="1"/><line number="129" hits="4"/><line number="130" hits="1"/><line number="131" hits="1"/><line number="132" hits="1"/><line number="133" hits="1"/><line number="134" hits="1"/><line number="135" hits="1"/><line number="136" hits="1"/><line number="137" hits="1"/><line number="140" hits="1"/><line number="141" hits="1"/><line number="143" hits="1"/><line number="144" hits="1"/><line number="150" hits="7"/><line number="151" hits="0"/><line number="153" hits="5"/><line number="156" hits="8"/><line number="157" hits="6"/><line number="159" hits="4"/><line number="160" hits="7"/><line number="161" hits="2"/><line number="162" hits="6"/><line number="163" hits="3"/><line number="164" hits="8"/><line number="165" hits="16"/><line number="167" hits="8"/><line number="168" hits="4"/><line number="169" hits="8"/><line number="173" hits="1"/><line number="178" hits="6"/><line number="179" hits="4"/><line number="180" hits="1"/><line number="182" hits="5"/><line number="186" hits="3"/><line number="194" hits="2"/><line number="195" hits="3"/><line number="197" hits="1"/><line number="198" hits="2"/><line number="201" hits="2"/><line number="202" hits="5"/><line number="203" hits="1"/><line number="206" hits="2"/></lines></class><class name="fs_toggler" filename="adapters/src/fs_toggler.rs" line-rate="0.4864864864864865" branch-rate="0" complexity="0"><methods/><lines><line number="12" hits="1"/><line number="13" hits="2"/><line number="14" hits="4"/><line number="15" hits="2"/><line number="17" hits="1"/><line number="20" hits="1"/><line number="21" hits="1"/><line number="22" hits="2"/><line number="23" hits="1"/><line number="26" hits="0"/><line number="27" hits="0"/><line number="28" hits="0"/><line number="29" hits="0"/><line number="32" hits="0"/><line number="33" hits="0"/><line number="34" hits="0"/><line number="35" hits="0"/><line number="36" hits="0"/><line number="38" hits="0"/><line number="41" hits="1"/><line number="42" hits="1"/><line number="43" hits="1"/><line number="46" hits="1"/><line number="47" hits="1"/><line number="48" hits="2"/><line number="49" hits="1"/><line number="52" hits="1"/><line number="53" hits="1"/><line number="56" hits="0"/><line number="57" hits="0"/><line number="60" hits="0"/><line number="61" hits="0"/><line number="67" hits="0"/><line number="68" hits="0"/><line number="69" hits="0"/><line number="70" hits="0"/><line number="72" hits="0"/></lines></class><class name="fs_watcher" filename="adapters/src/fs_watcher.rs" line-rate="0.7777777777777778" branch-rate="0" complexity="0"><methods/><lines><line number="19" hits="3"/><line number="20" hits="3"/><line number="21" hits="6"/><line number="23" hits="4"/><line number="24" hits="3"/><line number="25" hits="3"/><line number="26" hits="1"/><line number="31" hits="2"/><line number="32" hits="5"/><line number="33" hits="1"/><line number="35" hits="1"/><line number="36" hits="0"/><line number="37" hits="0"/><line number="38" hits="0"/><line number="41" hits="0"/><line number="49" hits="1"/><line number="50" hits="1"/><line number="51" hits="1"/></lines></class><class name="git_drift_checker" filename="adapters/src/git_drift_checker.rs" line-rate="0.4117647058823529" branch-rate="0" complexity="0"><methods/><lines><line number="12" hits="1"/><line number="13" hits="1"/><line number="14" hits="0"/><line number="15" hits="1"/><line number="18" hits="0"/><line number="19" hits="0"/><line number="20" hits="0"/><line number="23" hits="0"/><line number="24" hits="0"/><line number="35" hits="1"/><line number="36" hits="2"/><line number="38" hits="1"/><line number="39" hits="1"/><line number="43" hits="0"/><line number="44" hits="0"/><line number="45" hits="0"/><line number="47" hits="0"/></lines></class><class name="npx_catalog_gateway" filename="adapters/src/npx_catalog_gateway.rs" line-rate="0.9090909090909091" branch-rate="0" complexity="0"><methods/><lines><line number="9" hits="2"/><line number="10" hits="4"/><line number="11" hits="2"/><line number="14" hits="2"/><line number="15" hits="0"/><line number="16" hits="0"/><line number="19" hits="4"/><line number="24" hits="2"/><line number="25" hits="2"/><line number="26" hits="1"/><line number="28" hits="4"/><line number="29" hits="3"/><line number="30" hits="2"/><line number="33" hits="4"/><line number="34" hits="4"/><line number="35" hits="2"/><line number="37" hits="2"/><line number="39" hits="2"/><line number="40" hits="1"/><line number="41" hits="2"/><line number="42" hits="1"/><line number="47" hits="1"/></lines></class></classes></package><package name="core/src" line-rate="1" branch-rate="0" complexity="0"><classes><class name="audit" filename="core/src/audit.rs" line-rate="1" branch-rate="0" complexity="0"><methods/><lines><line number="20" hits="7"/><line number="21" hits="7"/><line number="22" hits="7"/><line number="23" hits="8"/><line number="24" hits="8"/><line number="26" hits="16"/><line number="27" hits="8"/><line number="32" hits="4"/><line number="35" hits="2"/><line number="38" hits="10"/><line number="39" hits="1"/><line number="44" hits="9"/><line number="45" hits="3"/><line number="49" hits="5"/></lines></class><class name="budget" filename="core/src/budget.rs" line-rate="1" branch-rate="0" complexity="0"><methods/><lines><line number="76" hits="2"/><line number="77" hits="3"/><line number="79" hits="3"/><line number="82" hits="8"/><line number="84" hits="10"/><line number="85" hits="7"/><line number="88" hits="4"/><line number="90" hits="3"/><line number="93" hits="6"/><line number="95" hits="9"/><line number="100" hits="3"/><line number="101" hits="3"/><line number="102" hits="16"/><line number="103" hits="2"/><line number="104" hits="5"/><line number="106" hits="2"/><line number="120" hits="6"/><line number="121" hits="6"/><line number="123" hits="2"/><line number="124" hits="8"/><line number="125" hits="2"/><line number="126" hits="2"/><line number="128" hits="2"/><line number="129" hits="4"/><line number="130" hits="2"/><line number="133" hits="2"/><line number="134" hits="4"/><line number="137" hits="2"/><line number="140" hits="8"/><line number="142" hits="1"/><line number="144" hits="5"/><line number="146" hits="1"/><line number="149" hits="3"/></lines></class><class name="creator" filename="core/src/creator.rs" line-rate="1" branch-rate="0" complexity="0"><methods/><lines><line number="25" hits="2"/><line number="26" hits="4"/><line number="27" hits="3"/><line number="29" hits="2"/><line number="31" hits="6"/><line number="34" hits="2"/><line number="37" hits="8"/><line number="38" hits="8"/><line number="40" hits="1"/><line number="42" hits="3"/><line number="45" hits="1"/><line number="48" hits="8"/><line number="56" hits="4"/><line number="62" hits="5"/><line number="63" hits="2"/><line number="64" hits="1"/><line number="66" hits="2"/><line number="68" hits="6"/><line number="71" hits="2"/><line number="74" hits="6"/><line number="75" hits="6"/><line number="77" hits="1"/><line number="79" hits="3"/><line number="82" hits="1"/><line number="85" hits="10"/><line number="86" hits="6"/><line number="88" hits="4"/></lines></class><class name="duplicate_detector" filename="core/src/duplicate_detector.rs" line-rate="1" branch-rate="0" complexity="0"><methods/><lines><line number="12" hits="2"/><line number="13" hits="2"/><line number="14" hits="2"/><line number="16" hits="10"/><line number="17" hits="7"/><line number="18" hits="7"/><line number="19" hits="7"/><line number="21" hits="5"/><line number="26" hits="3"/></lines></class><class name="frontmatter" filename="core/src/frontmatter.rs" line-rate="1" branch-rate="0" complexity="0"><methods/><lines><line number="38" hits="7"/><line number="39" hits="11"/><line number="40" hits="6"/><line number="41" hits="9"/><line number="42" hits="3"/><line number="43" hits="13"/><line number="47" hits="2"/><line number="48" hits="3"/><line number="50" hits="4"/><line number="52" hits="2"/><line number="54" hits="2"/><line number="56" hits="2"/><line number="57" hits="2"/><line number="58" hits="2"/><line number="59" hits="2"/><line number="60" hits="2"/><line number="61" hits="2"/></lines></class><class name="mode" filename="core/src/mode.rs" line-rate="1" branch-rate="0" complexity="0"><methods/><lines><line number="28" hits="2"/><line number="29" hits="6"/></lines></class><class name="profile" filename="core/src/profile.rs" line-rate="1" branch-rate="0" complexity="0"><methods/><lines><line number="29" hits="6"/><line number="32" hits="16"/><line number="33" hits="16"/><line number="36" hits="4"/><line number="38" hits="2"/><line number="40" hits="8"/><line number="41" hits="10"/><line number="42" hits="3"/><line number="46" hits="2"/><line number="47" hits="6"/><line number="48" hits="5"/><line number="50" hits="1"/><line number="51" hits="2"/><line number="56" hits="2"/></lines></class><class name="security_scan" filename="core/src/security_scan.rs" line-rate="1" branch-rate="0" complexity="0"><methods/><lines><line number="38" hits="3"/><line number="39" hits="4"/><line number="41" hits="11"/><line number="42" hits="16"/><line number="43" hits="3"/><line number="46" hits="11"/><line number="47" hits="2"/><line number="50" hits="2"/><line number="54" hits="14"/><line number="55" hits="2"/><line number="56" hits="2"/><line number="57" hits="1"/><line number="58" hits="1"/><line number="60" hits="1"/><line number="63" hits="1"/><line number="67" hits="10"/><line number="68" hits="1"/><line number="71" hits="1"/><line number="77" hits="8"/><line number="78" hits="9"/><line number="79" hits="1"/><line number="82" hits="1"/><line number="90" hits="10"/><line number="91" hits="10"/><line number="93" hits="2"/><line number="94" hits="1"/><line number="95" hits="2"/><line number="96" hits="1"/><line number="97" hits="1"/><line number="98" hits="1"/><line number="99" hits="1"/><line number="100" hits="1"/><line number="102" hits="1"/><line number="105" hits="1"/><line number="116" hits="13"/><line number="123" hits="19"/><line number="124" hits="2"/><line number="127" hits="2"/><line number="135" hits="8"/></lines></class></classes></package><package name="tui/src" line-rate="0.7811080835603996" branch-rate="0" complexity="0"><classes><class name="app" filename="tui/src/app.rs" line-rate="0.7947598253275109" branch-rate="0" complexity="0"><methods/><lines><line number="144" hits="1"/><line number="145" hits="1"/><line number="146" hits="1"/><line number="147" hits="1"/><line number="148" hits="1"/><line number="152" hits="4"/><line number="153" hits="2"/><line number="154" hits="3"/><line number="155" hits="1"/><line number="156" hits="0"/><line number="172" hits="1"/><line number="178" hits="4"/><line number="219" hits="2"/><line number="228" hits="4"/><line number="229" hits="4"/><line number="235" hits="5"/><line number="237" hits="2"/><line number="238" hits="5"/><line number="246" hits="4"/><line number="252" hits="10"/><line number="255" hits="4"/><line number="261" hits="2"/><line number="262" hits="2"/><line number="264" hits="4"/><line number="265" hits="2"/><line number="266" hits="1"/><line number="267" hits="1"/><line number="269" hits="9"/><line number="270" hits="3"/><line number="271" hits="0"/><line number="273" hits="7"/><line number="274" hits="1"/><line number="275" hits="1"/><line number="280" hits="2"/><line number="281" hits="2"/><line number="282" hits="0"/><line number="284" hits="9"/><line number="286" hits="4"/><line number="287" hits="3"/><line number="288" hits="3"/><line number="291" hits="1"/><line number="292" hits="1"/><line number="293" hits="3"/><line number="294" hits="2"/><line number="295" hits="1"/><line number="296" hits="4"/><line number="297" hits="1"/><line number="298" hits="2"/><line number="299" hits="1"/><line number="303" hits="1"/><line number="306" hits="1"/><line number="307" hits="3"/><line number="308" hits="4"/><line number="311" hits="7"/><line number="312" hits="4"/><line number="313" hits="8"/><line number="314" hits="1"/><line number="316" hits="6"/><line number="317" hits="1"/><line number="318" hits="1"/><line number="319" hits="2"/><line number="320" hits="1"/><line number="321" hits="1"/><line number="322" hits="1"/><line number="323" hits="1"/><line number="324" hits="1"/><line number="325" hits="1"/><line number="326" hits="1"/><line number="327" hits="1"/><line number="328" hits="0"/><line number="330" hits="0"/><line number="334" hits="1"/><line number="335" hits="1"/><line number="336" hits="1"/><line number="337" hits="0"/><line number="338" hits="0"/><line number="339" hits="0"/><line number="340" hits="0"/><line number="341" hits="1"/><line number="342" hits="1"/><line number="343" hits="1"/><line number="344" hits="1"/><line number="345" hits="1"/><line number="346" hits="1"/><line number="347" hits="3"/><line number="348" hits="4"/><line number="349" hits="0"/><line number="350" hits="1"/><line number="353" hits="1"/><line number="354" hits="1"/><line number="356" hits="3"/><line number="358" hits="1"/><line number="360" hits="3"/><line number="362" hits="1"/><line number="367" hits="1"/><line number="368" hits="1"/><line number="369" hits="1"/><line number="370" hits="0"/><line number="372" hits="1"/><line number="373" hits="0"/><line number="374" hits="0"/><line number="375" hits="0"/><line number="376" hits="0"/><line number="377" hits="0"/><line number="379" hits="0"/><line number="380" hits="0"/><line number="381" hits="0"/><line number="384" hits="0"/><line number="385" hits="0"/><line number="386" hits="0"/><line number="389" hits="0"/><line number="390" hits="0"/><line number="393" hits="1"/><line number="394" hits="1"/><line number="395" hits="0"/><line number="396" hits="0"/><line number="397" hits="0"/><line number="398" hits="0"/><line number="399" hits="0"/><line number="400" hits="0"/><line number="401" hits="0"/><line number="402" hits="2"/><line number="403" hits="2"/><line number="404" hits="6"/><line number="405" hits="4"/><line number="406" hits="1"/><line number="407" hits="4"/><line number="410" hits="2"/><line number="413" hits="1"/><line number="415" hits="1"/><line number="416" hits="1"/><line number="418" hits="0"/><line number="419" hits="0"/><line number="426" hits="2"/><line number="427" hits="1"/><line number="428" hits="2"/><line number="430" hits="1"/><line number="433" hits="2"/><line number="434" hits="2"/><line number="435" hits="2"/><line number="437" hits="4"/><line number="439" hits="2"/><line number="440" hits="1"/><line number="443" hits="1"/><line number="444" hits="1"/><line number="446" hits="2"/><line number="447" hits="1"/><line number="448" hits="1"/><line number="450" hits="1"/><line number="451" hits="1"/><line number="453" hits="2"/><line number="454" hits="2"/><line number="455" hits="4"/><line number="456" hits="0"/><line number="457" hits="0"/><line number="459" hits="4"/><line number="461" hits="1"/><line number="463" hits="2"/><line number="466" hits="1"/><line number="467" hits="2"/><line number="468" hits="1"/><line number="469" hits="1"/><line number="470" hits="1"/><line number="471" hits="1"/><line number="475" hits="2"/><line number="476" hits="1"/><line number="477" hits="2"/><line number="478" hits="4"/><line number="479" hits="2"/><line number="481" hits="6"/><line number="482" hits="2"/><line number="483" hits="2"/><line number="484" hits="2"/><line number="485" hits="2"/><line number="488" hits="1"/><line number="489" hits="2"/><line number="490" hits="1"/><line number="491" hits="1"/><line number="492" hits="1"/><line number="493" hits="1"/><line number="496" hits="1"/><line number="497" hits="2"/><line number="498" hits="1"/><line number="499" hits="1"/><line number="500" hits="1"/><line number="501" hits="1"/><line number="504" hits="1"/><line number="505" hits="2"/><line number="506" hits="2"/><line number="507" hits="2"/><line number="508" hits="2"/><line number="512" hits="1"/><line number="513" hits="3"/><line number="515" hits="1"/><line number="516" hits="1"/><line number="517" hits="1"/><line number="518" hits="1"/><line number="521" hits="2"/><line number="522" hits="1"/><line number="523" hits="1"/><line number="525" hits="1"/><line number="526" hits="1"/><line number="527" hits="1"/><line number="528" hits="1"/><line number="529" hits="1"/><line number="530" hits="1"/><line number="531" hits="1"/><line number="533" hits="2"/><line number="534" hits="1"/><line number="536" hits="2"/><line number="537" hits="1"/><line number="538" hits="1"/><line number="541" hits="1"/><line number="542" hits="1"/><line number="543" hits="1"/><line number="544" hits="3"/><line number="545" hits="1"/><line number="547" hits="2"/><line number="548" hits="1"/><line number="549" hits="2"/><line number="550" hits="2"/><line number="551" hits="1"/><line number="552" hits="1"/><line number="553" hits="1"/><line number="554" hits="1"/><line number="555" hits="1"/><line number="556" hits="1"/><line number="557" hits="1"/><line number="559" hits="1"/><line number="563" hits="0"/><line number="566" hits="1"/><line number="568" hits="0"/><line number="572" hits="1"/><line number="573" hits="2"/><line number="574" hits="1"/><line number="575" hits="2"/><line number="576" hits="2"/><line number="578" hits="2"/><line number="579" hits="1"/><line number="581" hits="0"/><line number="585" hits="2"/><line number="586" hits="4"/><line number="588" hits="1"/><line number="589" hits="1"/><line number="591" hits="1"/><line number="592" hits="1"/><line number="593" hits="1"/><line number="594" hits="1"/><line number="595" hits="0"/><line number="596" hits="2"/><line number="597" hits="2"/><line number="599" hits="1"/><line number="602" hits="1"/><line number="603" hits="1"/><line number="606" hits="1"/><line number="607" hits="1"/><line number="609" hits="2"/><line number="611" hits="2"/><line number="612" hits="1"/><line number="613" hits="1"/><line number="615" hits="4"/><line number="616" hits="2"/><line number="617" hits="2"/><line number="619" hits="0"/><line number="623" hits="1"/><line number="624" hits="2"/><line number="625" hits="1"/><line number="629" hits="1"/><line number="630" hits="3"/><line number="632" hits="1"/><line number="633" hits="1"/><line number="634" hits="1"/><line number="637" hits="2"/><line number="638" hits="1"/><line number="639" hits="1"/><line number="641" hits="0"/><line number="645" hits="1"/><line number="646" hits="1"/><line number="648" hits="0"/><line number="651" hits="2"/><line number="652" hits="1"/><line number="653" hits="1"/><line number="656" hits="0"/><line number="657" hits="0"/><line number="658" hits="0"/><line number="659" hits="0"/><line number="660" hits="0"/><line number="661" hits="0"/><line number="663" hits="0"/><line number="668" hits="4"/><line number="669" hits="2"/><line number="670" hits="1"/><line number="671" hits="2"/><line number="673" hits="1"/><line number="677" hits="1"/><line number="678" hits="3"/><line number="679" hits="1"/><line number="680" hits="2"/><line number="682" hits="1"/><line number="683" hits="1"/><line number="684" hits="1"/><line number="688" hits="0"/><line number="692" hits="1"/><line number="693" hits="1"/><line number="695" hits="1"/><line number="696" hits="2"/><line number="697" hits="1"/><line number="700" hits="1"/><line number="701" hits="1"/><line number="703" hits="0"/><line number="707" hits="1"/><line number="708" hits="1"/><line number="709" hits="3"/><line number="711" hits="1"/><line number="712" hits="1"/><line number="715" hits="1"/><line number="716" hits="1"/><line number="717" hits="1"/><line number="719" hits="2"/><line number="721" hits="2"/><line number="722" hits="1"/><line number="723" hits="1"/><line number="725" hits="2"/><line number="726" hits="1"/><line number="727" hits="0"/><line number="728" hits="2"/><line number="729" hits="1"/><line number="730" hits="1"/><line number="731" hits="1"/><line number="732" hits="1"/><line number="734" hits="2"/><line number="735" hits="1"/><line number="736" hits="1"/><line number="738" hits="1"/><line number="739" hits="1"/><line number="740" hits="2"/><line number="741" hits="1"/><line number="742" hits="0"/><line number="744" hits="3"/><line number="745" hits="3"/><line number="747" hits="1"/><line number="748" hits="2"/><line number="749" hits="1"/><line number="750" hits="1"/><line number="752" hits="1"/><line number="753" hits="2"/><line number="755" hits="0"/><line number="756" hits="0"/><line number="758" hits="1"/><line number="759" hits="2"/><line number="761" hits="0"/><line number="763" hits="1"/><line number="764" hits="1"/><line number="765" hits="0"/><line number="767" hits="2"/><line number="768" hits="1"/><line number="769" hits="1"/><line number="770" hits="1"/><line number="771" hits="1"/><line number="773" hits="0"/><line number="777" hits="1"/><line number="778" hits="1"/><line number="780" hits="1"/><line number="781" hits="1"/><line number="784" hits="2"/><line number="785" hits="1"/><line number="786" hits="1"/><line number="787" hits="1"/><line number="788" hits="0"/><line number="791" hits="1"/><line number="792" hits="1"/><line number="793" hits="2"/><line number="794" hits="1"/><line number="795" hits="0"/><line number="796" hits="0"/><line number="798" hits="3"/><line number="799" hits="3"/><line number="801" hits="1"/><line number="802" hits="0"/><line number="803" hits="0"/><line number="805" hits="3"/><line number="806" hits="3"/><line number="808" hits="2"/><line number="810" hits="1"/><line number="811" hits="2"/><line number="812" hits="1"/><line number="814" hits="0"/><line number="815" hits="0"/><line number="820" hits="1"/><line number="822" hits="1"/><line number="825" hits="0"/><line number="828" hits="0"/><line number="830" hits="0"/><line number="832" hits="2"/><line number="833" hits="1"/><line number="834" hits="1"/><line number="835" hits="0"/><line number="836" hits="0"/><line number="837" hits="0"/><line number="840" hits="0"/><line number="844" hits="1"/><line number="845" hits="1"/><line number="847" hits="1"/><line number="848" hits="1"/><line number="851" hits="3"/><line number="852" hits="2"/><line number="853" hits="1"/><line number="854" hits="1"/><line number="855" hits="1"/><line number="860" hits="2"/><line number="861" hits="1"/><line number="862" hits="0"/><line number="864" hits="3"/><line number="865" hits="3"/><line number="867" hits="1"/><line number="868" hits="0"/><line number="870" hits="3"/><line number="871" hits="3"/><line number="873" hits="2"/><line number="874" hits="1"/><line number="875" hits="0"/><line number="876" hits="2"/><line number="877" hits="2"/><line number="879" hits="1"/><line number="880" hits="1"/><line number="882" hits="0"/><line number="883" hits="0"/><line number="884" hits="0"/><line number="890" hits="0"/><line number="891" hits="0"/><line number="893" hits="0"/><line number="896" hits="0"/><line number="899" hits="0"/><line number="904" hits="0"/><line number="905" hits="0"/><line number="906" hits="0"/><line number="907" hits="0"/><line number="908" hits="0"/><line number="909" hits="0"/><line number="913" hits="0"/><line number="917" hits="1"/><line number="918" hits="2"/><line number="919" hits="1"/><line number="923" hits="2"/><line number="924" hits="2"/><line number="925" hits="0"/><line number="926" hits="0"/><line number="927" hits="0"/><line number="928" hits="0"/><line number="930" hits="2"/><line number="931" hits="1"/><line number="932" hits="1"/><line number="933" hits="1"/><line number="934" hits="1"/><line number="936" hits="1"/><line number="937" hits="1"/><line number="938" hits="1"/><line number="939" hits="1"/></lines></class><class name="event" filename="tui/src/event.rs" line-rate="0.3" branch-rate="0" complexity="0"><methods/><lines><line number="22" hits="0"/><line number="23" hits="0"/><line number="24" hits="0"/><line number="26" hits="0"/><line number="27" hits="0"/><line number="28" hits="0"/><line number="29" hits="0"/><line number="35" hits="3"/><line number="36" hits="3"/><line number="37" hits="6"/></lines></class><class name="main" filename="tui/src/main.rs" line-rate="0.09523809523809523" branch-rate="0" complexity="0"><methods/><lines><line number="21" hits="0"/><line number="22" hits="0"/><line number="23" hits="0"/><line number="25" hits="0"/><line number="26" hits="0"/><line number="27" hits="0"/><line number="29" hits="0"/><line number="30" hits="0"/><line number="31" hits="0"/><line number="32" hits="0"/><line number="33" hits="0"/><line number="38" hits="0"/><line number="40" hits="0"/><line number="42" hits="0"/><line number="43" hits="0"/><line number="44" hits="0"/><line number="46" hits="0"/><line number="48" hits="0"/><line number="52" hits="0"/><line number="53" hits="0"/><line number="54" hits="0"/><line number="58" hits="0"/><line number="59" hits="0"/><line number="60" hits="0"/><line number="61" hits="0"/><line number="65" hits="0"/><line number="67" hits="0"/><line number="68" hits="0"/><line number="70" hits="0"/><line number="71" hits="0"/><line number="73" hits="0"/><line number="74" hits="0"/><line number="75" hits="0"/><line number="81" hits="0"/><line number="82" hits="0"/><line number="91" hits="0"/><line number="94" hits="0"/><line number="95" hits="0"/><line number="96" hits="0"/><line number="100" hits="0"/><line number="103" hits="0"/><line number="104" hits="0"/><line number="105" hits="0"/><line number="109" hits="0"/><line number="110" hits="0"/><line number="111" hits="0"/><line number="115" hits="0"/><line number="116" hits="0"/><line number="122" hits="0"/><line number="125" hits="0"/><line number="128" hits="0"/><line number="131" hits="0"/><line number="132" hits="0"/><line number="136" hits="0"/><line number="139" hits="0"/><line number="143" hits="0"/><line number="144" hits="0"/><line number="147" hits="0"/><line number="149" hits="0"/><line number="152" hits="0"/><line number="155" hits="0"/><line number="156" hits="0"/><line number="159" hits="0"/><line number="160" hits="0"/><line number="161" hits="0"/><line number="162" hits="0"/><line number="163" hits="0"/><line number="165" hits="0"/><line number="168" hits="0"/><line number="173" hits="0"/><line number="174" hits="0"/><line number="178" hits="0"/><line number="181" hits="0"/><line number="182" hits="0"/><line number="183" hits="0"/><line number="187" hits="0"/><line number="188" hits="0"/><line number="189" hits="0"/><line number="194" hits="0"/><line number="195" hits="0"/><line number="196" hits="0"/><line number="224" hits="2"/><line number="225" hits="5"/><line number="226" hits="0"/><line number="229" hits="7"/><line number="230" hits="5"/><line number="231" hits="4"/><line number="232" hits="12"/><line number="233" hits="5"/><line number="234" hits="3"/><line number="235" hits="0"/><line number="236" hits="0"/><line number="238" hits="1"/><line number="240" hits="1"/><line number="245" hits="0"/><line number="246" hits="0"/><line number="247" hits="0"/><line number="249" hits="0"/><line number="251" hits="0"/><line number="252" hits="0"/><line number="253" hits="0"/><line number="254" hits="0"/><line number="256" hits="0"/><line number="259" hits="0"/><line number="260" hits="0"/></lines></class><class name="terminal" filename="tui/src/terminal.rs" line-rate="0.16666666666666666" branch-rate="0" complexity="0"><methods/><lines><line number="26" hits="1"/><line number="27" hits="1"/><line number="28" hits="1"/><line number="29" hits="0"/><line number="30" hits="0"/><line number="34" hits="0"/><line number="35" hits="0"/><line number="40" hits="0"/><line number="41" hits="0"/><line number="42" hits="0"/><line number="43" hits="0"/><line number="44" hits="0"/><line number="45" hits="0"/><line number="49" hits="0"/><line number="50" hits="0"/><line number="51" hits="0"/><line number="52" hits="0"/><line number="57" hits="0"/></lines></class></classes></package><package name="tui/src/ui" line-rate="0.9411764705882353" branch-rate="0" complexity="0"><classes><class name="audit_panel" filename="tui/src/ui/audit_panel.rs" line-rate="1" branch-rate="0" complexity="0"><methods/><lines><line number="15" hits="1"/><line number="16" hits="1"/><line number="18" hits="2"/><line number="20" hits="3"/><line number="22" hits="1"/><line number="23" hits="2"/><line number="24" hits="2"/><line number="25" hits="1"/><line number="27" hits="7"/><line number="28" hits="2"/><line number="29" hits="6"/><line number="30" hits="1"/><line number="32" hits="9"/><line number="33" hits="3"/><line number="34" hits="1"/><line number="35" hits="3"/><line number="36" hits="1"/><line number="38" hits="3"/><line number="40" hits="2"/><line number="43" hits="2"/><line number="44" hits="2"/><line number="45" hits="2"/><line number="50" hits="2"/><line number="51" hits="2"/><line number="52" hits="2"/><line number="57" hits="1"/><line number="58" hits="1"/><line number="59" hits="2"/><line number="64" hits="3"/><line number="65" hits="1"/><line number="67" hits="7"/><line number="69" hits="4"/><line number="70" hits="4"/><line number="71" hits="2"/><line number="72" hits="4"/><line number="74" hits="4"/></lines></class><class name="budget_panel" filename="tui/src/ui/budget_panel.rs" line-rate="0.8301886792452831" branch-rate="0" complexity="0"><methods/><lines><line number="13" hits="1"/><line number="14" hits="1"/><line number="15" hits="2"/><line number="17" hits="4"/><line number="18" hits="2"/><line number="20" hits="3"/><line number="22" hits="4"/><line number="25" hits="2"/><line number="26" hits="1"/><line number="27" hits="1"/><line number="28" hits="0"/><line number="29" hits="2"/><line number="30" hits="0"/><line number="32" hits="2"/><line number="34" hits="2"/><line number="36" hits="2"/><line number="40" hits="6"/><line number="41" hits="4"/><line number="42" hits="2"/><line number="43" hits="4"/><line number="44" hits="2"/><line number="47" hits="2"/><line number="48" hits="2"/><line number="49" hits="3"/><line number="50" hits="0"/><line number="51" hits="0"/><line number="53" hits="0"/><line number="54" hits="0"/><line number="56" hits="1"/><line number="60" hits="2"/><line number="65" hits="1"/><line number="66" hits="2"/><line number="67" hits="0"/><line number="68" hits="0"/><line number="69" hits="1"/><line number="71" hits="3"/><line number="72" hits="1"/><line number="73" hits="3"/><line number="75" hits="2"/><line number="78" hits="1"/><line number="81" hits="3"/><line number="82" hits="1"/><line number="83" hits="1"/><line number="85" hits="0"/><line number="87" hits="2"/><line number="88" hits="1"/><line number="89" hits="2"/><line number="90" hits="2"/><line number="92" hits="2"/><line number="99" hits="3"/><line number="100" hits="1"/><line number="102" hits="3"/><line number="103" hits="2"/></lines></class><class name="confirm_panel" filename="tui/src/ui/confirm_panel.rs" line-rate="1" branch-rate="0" complexity="0"><methods/><lines><line number="14" hits="1"/><line number="15" hits="2"/><line number="16" hits="4"/><line number="17" hits="3"/><line number="22" hits="2"/><line number="27" hits="1"/><line number="28" hits="1"/><line number="29" hits="1"/><line number="31" hits="4"/><line number="32" hits="1"/><line number="34" hits="3"/><line number="36" hits="4"/><line number="37" hits="2"/><line number="38" hits="3"/><line number="39" hits="1"/><line number="40" hits="5"/><line number="41" hits="2"/><line number="42" hits="3"/><line number="43" hits="1"/><line number="44" hits="4"/><line number="45" hits="1"/><line number="49" hits="2"/><line number="50" hits="1"/></lines></class><class name="create_wizard" filename="tui/src/ui/create_wizard.rs" line-rate="1" branch-rate="0" complexity="0"><methods/><lines><line number="17" hits="1"/><line number="18" hits="1"/><line number="19" hits="1"/><line number="21" hits="2"/><line number="23" hits="2"/><line number="24" hits="3"/><line number="25" hits="2"/><line number="26" hits="2"/><line number="27" hits="2"/><line number="28" hits="3"/><line number="30" hits="3"/><line number="35" hits="5"/><line number="36" hits="2"/><line number="38" hits="3"/><line number="40" hits="1"/><line number="41" hits="3"/><line number="42" hits="2"/><line number="44" hits="2"/><line number="46" hits="1"/><line number="48" hits="1"/><line number="50" hits="1"/><line number="52" hits="2"/><line number="54" hits="2"/><line number="55" hits="3"/><line number="56" hits="2"/><line number="58" hits="4"/><line number="62" hits="4"/><line number="63" hits="2"/><line number="64" hits="1"/><line number="65" hits="1"/><line number="67" hits="1"/></lines></class><class name="detail_panel" filename="tui/src/ui/detail_panel.rs" line-rate="0.95" branch-rate="0" complexity="0"><methods/><lines><line number="15" hits="1"/><line number="16" hits="3"/><line number="17" hits="1"/><line number="18" hits="4"/><line number="19" hits="3"/><line number="20" hits="1"/><line number="22" hits="2"/><line number="25" hits="1"/><line number="26" hits="3"/><line number="27" hits="0"/><line number="29" hits="1"/><line number="30" hits="0"/><line number="32" hits="4"/><line number="34" hits="5"/><line number="35" hits="4"/><line number="36" hits="3"/><line number="38" hits="1"/><line number="41" hits="2"/><line number="42" hits="2"/><line number="43" hits="4"/><line number="45" hits="0"/><line number="48" hits="2"/><line number="50" hits="4"/><line number="51" hits="3"/><line number="55" hits="1"/><line number="57" hits="2"/><line number="59" hits="2"/><line number="61" hits="5"/><line number="64" hits="11"/><line number="65" hits="6"/><line number="66" hits="1"/><line number="68" hits="5"/><line number="70" hits="4"/><line number="72" hits="9"/><line number="73" hits="4"/><line number="75" hits="5"/><line number="77" hits="2"/><line number="79" hits="12"/><line number="80" hits="2"/><line number="82" hits="6"/><line number="84" hits="10"/><line number="86" hits="10"/><line number="87" hits="2"/><line number="89" hits="6"/><line number="91" hits="6"/><line number="93" hits="10"/><line number="94" hits="2"/><line number="96" hits="6"/><line number="98" hits="6"/><line number="100" hits="10"/><line number="101" hits="2"/><line number="103" hits="6"/><line number="105" hits="6"/><line number="110" hits="2"/><line number="112" hits="4"/><line number="115" hits="6"/><line number="119" hits="2"/><line number="120" hits="4"/><line number="121" hits="2"/><line number="122" hits="4"/></lines></class><class name="editor_panel" filename="tui/src/ui/editor_panel.rs" line-rate="1" branch-rate="0" complexity="0"><methods/><lines><line number="17" hits="1"/><line number="18" hits="1"/><line number="21" hits="1"/><line number="22" hits="2"/><line number="25" hits="1"/><line number="26" hits="1"/><line number="27" hits="1"/><line number="29" hits="2"/><line number="30" hits="6"/><line number="31" hits="2"/><line number="33" hits="4"/><line number="35" hits="9"/><line number="36" hits="6"/><line number="37" hits="8"/><line number="38" hits="8"/><line number="39" hits="8"/><line number="41" hits="4"/><line number="46" hits="4"/><line number="47" hits="2"/><line number="49" hits="4"/><line number="51" hits="2"/><line number="52" hits="4"/><line number="53" hits="8"/><line number="54" hits="4"/><line number="55" hits="2"/><line number="56" hits="4"/><line number="62" hits="2"/><line number="64" hits="2"/><line number="67" hits="2"/><line number="68" hits="2"/><line number="73" hits="8"/><line number="74" hits="8"/><line number="75" hits="4"/><line number="76" hits="2"/></lines></class><class name="help_overlay" filename="tui/src/ui/help_overlay.rs" line-rate="1" branch-rate="0" complexity="0"><methods/><lines><line number="22" hits="2"/><line number="23" hits="2"/><line number="24" hits="2"/><line number="25" hits="4"/><line number="26" hits="2"/><line number="28" hits="4"/><line number="29" hits="4"/><line number="30" hits="2"/><line number="31" hits="2"/><line number="32" hits="1"/><line number="35" hits="2"/><line number="36" hits="6"/><line number="37" hits="2"/><line number="38" hits="4"/><line number="39" hits="6"/><line number="40" hits="2"/><line number="41" hits="4"/></lines></class><class name="install_wizard" filename="tui/src/ui/install_wizard.rs" line-rate="0.972972972972973" branch-rate="0" complexity="0"><methods/><lines><line number="15" hits="1"/><line number="16" hits="2"/><line number="17" hits="2"/><line number="19" hits="6"/><line number="20" hits="3"/><line number="22" hits="5"/><line number="23" hits="3"/><line number="24" hits="4"/><line number="25" hits="4"/><line number="26" hits="4"/><line number="28" hits="6"/><line number="31" hits="2"/><line number="34" hits="5"/><line number="36" hits="2"/><line number="37" hits="2"/><line number="38" hits="3"/><line number="40" hits="3"/><line number="43" hits="1"/><line number="44" hits="3"/><line number="45" hits="0"/><line number="47" hits="8"/><line number="48" hits="8"/><line number="49" hits="4"/><line number="50" hits="4"/><line number="52" hits="4"/><line number="55" hits="4"/><line number="58" hits="5"/><line number="59" hits="1"/><line number="60" hits="1"/><line number="61" hits="1"/><line number="64" hits="5"/><line number="65" hits="3"/><line number="66" hits="2"/><line number="67" hits="1"/><line number="69" hits="1"/><line number="72" hits="2"/><line number="73" hits="2"/></lines></class><class name="installed_panel" filename="tui/src/ui/installed_panel.rs" line-rate="0.9666666666666667" branch-rate="0" complexity="0"><methods/><lines><line number="16" hits="1"/><line number="22" hits="2"/><line number="23" hits="8"/><line number="24" hits="0"/><line number="29" hits="7"/><line number="30" hits="2"/><line number="31" hits="4"/><line number="32" hits="1"/><line number="34" hits="2"/><line number="35" hits="4"/><line number="36" hits="3"/><line number="38" hits="4"/><line number="39" hits="7"/><line number="40" hits="4"/><line number="42" hits="5"/><line number="43" hits="2"/><line number="45" hits="3"/><line number="46" hits="2"/><line number="48" hits="3"/><line number="50" hits="8"/><line number="51" hits="2"/><line number="53" hits="2"/><line number="55" hits="2"/><line number="59" hits="1"/><line number="60" hits="1"/><line number="61" hits="5"/><line number="64" hits="4"/><line number="65" hits="2"/><line number="66" hits="2"/><line number="68" hits="1"/></lines></class><class name="profiles_panel" filename="tui/src/ui/profiles_panel.rs" line-rate="1" branch-rate="0" complexity="0"><methods/><lines><line number="17" hits="1"/><line number="18" hits="1"/><line number="21" hits="1"/><line number="22" hits="4"/><line number="25" hits="2"/><line number="26" hits="1"/><line number="29" hits="3"/><line number="30" hits="2"/><line number="31" hits="4"/><line number="32" hits="4"/><line number="33" hits="4"/><line number="38" hits="5"/><line number="39" hits="3"/><line number="40" hits="4"/><line number="43" hits="2"/><line number="44" hits="2"/><line number="45" hits="2"/><line number="47" hits="2"/><line number="50" hits="4"/><line number="51" hits="4"/><line number="52" hits="1"/><line number="53" hits="2"/><line number="54" hits="1"/><line number="55" hits="1"/><line number="56" hits="1"/><line number="58" hits="1"/><line number="62" hits="3"/><line number="63" hits="2"/><line number="65" hits="3"/><line number="67" hits="3"/><line number="68" hits="1"/><line number="71" hits="3"/><line number="73" hits="1"/><line number="74" hits="1"/><line number="76" hits="2"/><line number="78" hits="1"/></lines></class><class name="resize_panel" filename="tui/src/ui/resize_panel.rs" line-rate="1" branch-rate="0" complexity="0"><methods/><lines><line number="15" hits="1"/><line number="16" hits="1"/><line number="20" hits="1"/><line number="21" hits="1"/><line number="26" hits="2"/><line number="27" hits="1"/><line number="28" hits="1"/><line number="29" hits="2"/><line number="31" hits="1"/></lines></class><class name="scan_report" filename="tui/src/ui/scan_report.rs" line-rate="0.9285714285714286" branch-rate="0" complexity="0"><methods/><lines><line number="15" hits="2"/><line number="16" hits="3"/><line number="17" hits="6"/><line number="18" hits="6"/><line number="19" hits="6"/><line number="20" hits="3"/><line number="22" hits="3"/><line number="24" hits="6"/><line number="26" hits="3"/><line number="27" hits="4"/><line number="29" hits="2"/><line number="30" hits="1"/><line number="32" hits="1"/><line number="36" hits="3"/><line number="37" hits="1"/><line number="38" hits="1"/><line number="39" hits="0"/><line number="41" hits="1"/><line number="42" hits="1"/><line number="43" hits="0"/><line number="45" hits="1"/><line number="46" hits="3"/><line number="50" hits="2"/><line number="54" hits="1"/><line number="55" hits="1"/><line number="57" hits="2"/><line number="58" hits="4"/><line number="59" hits="3"/></lines></class><class name="search_panel" filename="tui/src/ui/search_panel.rs" line-rate="0.9714285714285714" branch-rate="0" complexity="0"><methods/><lines><line number="14" hits="1"/><line number="15" hits="1"/><line number="16" hits="1"/><line number="18" hits="4"/><line number="19" hits="1"/><line number="21" hits="1"/><line number="24" hits="2"/><line number="25" hits="1"/><line number="26" hits="1"/><line number="29" hits="3"/><line number="30" hits="7"/><line number="32" hits="1"/><line number="35" hits="5"/><line number="37" hits="3"/><line number="38" hits="3"/><line number="39" hits="2"/><line number="41" hits="10"/><line number="42" hits="2"/><line number="43" hits="6"/><line number="44" hits="1"/><line number="46" hits="3"/><line number="47" hits="2"/><line number="49" hits="3"/><line number="51" hits="2"/><line number="52" hits="1"/><line number="53" hits="6"/><line number="55" hits="5"/><line number="56" hits="2"/><line number="57" hits="3"/><line number="58" hits="1"/><line number="61" hits="1"/><line number="62" hits="1"/><line number="63" hits="1"/><line number="64" hits="0"/><line number="66" hits="1"/></lines></class><class name="skills_panel" filename="tui/src/ui/skills_panel.rs" line-rate="1" branch-rate="0" complexity="0"><methods/><lines><line number="13" hits="1"/><line number="14" hits="2"/><line number="16" hits="3"/><line number="17" hits="1"/><line number="18" hits="1"/><line number="19" hits="1"/><line number="21" hits="1"/><line number="25" hits="1"/><line number="26" hits="1"/><line number="27" hits="2"/><line number="30" hits="6"/><line number="32" hits="1"/><line number="33" hits="2"/><line number="34" hits="1"/><line number="36" hits="2"/><line number="38" hits="2"/></lines></class><class name="status_bar" filename="tui/src/ui/status_bar.rs" line-rate="0.65625" branch-rate="0" complexity="0"><methods/><lines><line number="11" hits="2"/><line number="17" hits="2"/><line number="19" hits="1"/><line number="21" hits="2"/><line number="22" hits="1"/><line number="23" hits="1"/><line number="24" hits="0"/><line number="25" hits="0"/><line number="26" hits="0"/><line number="27" hits="0"/><line number="28" hits="0"/><line number="29" hits="0"/><line number="30" hits="0"/><line number="31" hits="0"/><line number="34" hits="2"/><line number="35" hits="1"/><line number="36" hits="3"/><line number="37" hits="1"/><line number="38" hits="2"/><line number="40" hits="0"/><line number="41" hits="0"/><line number="42" hits="0"/><line number="46" hits="3"/><line number="47" hits="1"/><line number="48" hits="2"/><line number="54" hits="1"/><line number="55" hits="6"/><line number="56" hits="2"/><line number="57" hits="2"/><line number="59" hits="1"/><line number="62" hits="3"/><line number="63" hits="4"/></lines></class><class name="style_helpers" filename="tui/src/ui/style_helpers.rs" line-rate="0.9393939393939394" branch-rate="0" complexity="0"><methods/><lines><line number="7" hits="1"/><line number="8" hits="2"/><line number="12" hits="3"/><line number="13" hits="3"/><line number="17" hits="3"/><line number="18" hits="3"/><line number="22" hits="1"/><line number="23" hits="3"/><line number="27" hits="1"/><line number="28" hits="2"/><line number="29" hits="0"/><line number="31" hits="1"/><line number="36" hits="3"/><line number="37" hits="4"/><line number="38" hits="0"/><line number="40" hits="1"/><line number="45" hits="1"/><line number="46" hits="3"/><line number="47" hits="2"/><line number="48" hits="1"/><line number="49" hits="1"/><line number="50" hits="1"/><line number="51" hits="1"/><line number="52" hits="1"/><line number="57" hits="3"/><line number="58" hits="2"/><line number="59" hits="3"/><line number="60" hits="1"/><line number="61" hits="1"/><line number="66" hits="2"/><line number="67" hits="5"/><line number="68" hits="1"/><line number="70" hits="4"/></lines></class></classes></package></packages></coverage>